Знайдено фізичних дисків: 2

Сканування диску 0
    Розділ: 0
    Розмір: 0.10 Гб
    Тип NTFS

    Розділ: 1
    Розмір: 97.56 Гб
    Тип NTFS

    Розділ: 2
    Розмір: 97.66 Гб
    Тип NTFS

    Розділ: 3
    Розмір: 503.32 Гб
    Тип NTFS


Сканування диску 1
    Розділ: 0
    Розмір: 3.73 Гб
    Розмір блоку: 4096
    Тип EXT

    Розділ: 1
    Розмір: 3.72 Гб
    Розмір блоку: 4096
    Тип EXT

Знайдено фізичних дисків: 2

Сканування диску 0
    Розділ: 0
    Розмір: 0.10 Гб
    Тип NTFS

    Розділ: 1
    Розмір: 97.56 Гб
    Тип NTFS

    Розділ: 2
    Розмір: 97.66 Гб
    Тип NTFS

    Розділ: 3
    Розмір: 503.32 Гб
    Тип NTFS


Сканування диску 1
    Розділ: 0
    Розмір: 3.73 Гб
    Розмір блоку: 4096
    Тип EXT

    Розділ: 1
    Розмір: 3.72 Гб
    Розмір блоку: 4096
    Тип EXT

